<?xml version="1.0" encoding="utf-8"?>
<TestRun id="4f3b5467-6e44-4611-85e5-be9c706b360c" name="010424HP840G611$@010424HP840G611 2024-11-21 12:05:37" runUser="NT AUTHORITY\SYSTEM" xmlns="http://microsoft.com/schemas/VisualStudio/TeamTest/2010">
  <Times creation="2024-11-21T12:05:37.0825529+05:30" queuing="2024-11-21T12:05:37.0825533+05:30" start="2024-11-21T12:05:32.1140453+05:30" finish="2024-11-21T12:06:04.4074421+05:30" />
  <TestSettings name="default" id="6ebe91be-e91d-4810-bb83-3a34b8125746">
    <Deployment runDeploymentRoot="010424HP840G611$_010424HP840G611_2024-11-21_12_05_37" />
  </TestSettings>
  <Results>
    <UnitTestResult executionId="52ab086d-1f3d-417d-86d9-80b4c81e0755" testId="11c8638d-67d0-fa25-cbe3-e027093ec662" testName="AddTwoNumbers" computerName="010424HP840G611" duration="00:00:00.1613860" startTime="2024-11-21T12:05:35.3835779+05:30" endTime="2024-11-21T12:05:35.5448246+05:30" testType="13cdc9d9-ddb5-4fa4-a97d-d965ccfc6d4b" outcome="NotExecuted" testListId="8c84fa94-04c1-424b-9868-57a2d4851a1d" relativeResultsDirectory="52ab086d-1f3d-417d-86d9-80b4c81e0755">
      <Output>
        <StdOut>Given the first number is 50&#xD;
-&gt; pending: CalculatorStepDefinitions.GivenTheFirstNumberIs(50)&#xD;
And the second number is 70&#xD;
-&gt; skipped because of previous errors&#xD;
When the two numbers are added&#xD;
-&gt; skipped because of previous errors&#xD;
Then the result should be 120&#xD;
-&gt; skipped because of previous errors&#xD;
&#xD;
One or more step definitions are not implemented yet.&#xD;
  CalculatorStepDefinitions.GivenTheFirstNumberIs(50)</StdOut>
        <ErrorInfo>
          <Message>One or more step definitions are not implemented yet.&#xD;
  CalculatorStepDefinitions.GivenTheFirstNumberIs(50)</Message>
        </ErrorInfo>
      </Output>
    </UnitTestResult>
    <UnitTestResult executionId="84849a30-6c78-497f-820f-6a1176f2abab" testId="8e926694-68e0-deaf-8e03-2c0001c5b7bb" testName="SearchForTestersTalk" computerName="010424HP840G611" duration="00:00:28.5551500" startTime="2024-11-21T12:05:35.5507257+05:30" endTime="2024-11-21T12:06:04.1069748+05:30" testType="13cdc9d9-ddb5-4fa4-a97d-d965ccfc6d4b" outcome="Passed" testListId="8c84fa94-04c1-424b-9868-57a2d4851a1d" relativeResultsDirectory="84849a30-6c78-497f-820f-6a1176f2abab">
      <Output>
        <StdOut>Given open the browser&#xD;
-&gt; done: Sample.GivenOpenTheBrowser() (9.1s)&#xD;
When Enter the URL&#xD;
-&gt; done: Sample.WhenEnterTheURL() (11.0s)&#xD;
Then Search for TestersTalk&#xD;
-&gt; done: Sample.ThenSearchForTestersTalk() (8.4s)</StdOut>
      </Output>
    </UnitTestResult>
  </Results>
  <TestDefinitions>
    <UnitTest name="AddTwoNumbers" storage="c:\users\venkatesh.b\source\repos\specflowprojectdemo\bin\debug\net6.0\specflowprojectdemo.dll" id="11c8638d-67d0-fa25-cbe3-e027093ec662">
      <Execution id="52ab086d-1f3d-417d-86d9-80b4c81e0755" />
      <TestMethod codeBase="C:\Users\venkatesh.b\source\repos\SpecFlowProjectDemo\bin\Debug\net6.0\SpecFlowProjectDemo.dll" adapterTypeName="executor://nunit3testexecutor/" className="SpecFlowProjectDemo.Features.CalculatorFeature" name="AddTwoNumbers" />
    </UnitTest>
    <UnitTest name="SearchForTestersTalk" storage="c:\users\venkatesh.b\source\repos\specflowprojectdemo\bin\debug\net6.0\specflowprojectdemo.dll" id="8e926694-68e0-deaf-8e03-2c0001c5b7bb">
      <Execution id="84849a30-6c78-497f-820f-6a1176f2abab" />
      <TestMethod codeBase="C:\Users\venkatesh.b\source\repos\SpecFlowProjectDemo\bin\Debug\net6.0\SpecFlowProjectDemo.dll" adapterTypeName="executor://nunit3testexecutor/" className="SpecFlowProjectDemo.Features.SampleFeature" name="SearchForTestersTalk" />
    </UnitTest>
  </TestDefinitions>
  <TestEntries>
    <TestEntry testId="11c8638d-67d0-fa25-cbe3-e027093ec662" executionId="52ab086d-1f3d-417d-86d9-80b4c81e0755" testListId="8c84fa94-04c1-424b-9868-57a2d4851a1d" />
    <TestEntry testId="8e926694-68e0-deaf-8e03-2c0001c5b7bb" executionId="84849a30-6c78-497f-820f-6a1176f2abab" testListId="8c84fa94-04c1-424b-9868-57a2d4851a1d" />
  </TestEntries>
  <TestLists>
    <TestList name="Results Not in a List" id="8c84fa94-04c1-424b-9868-57a2d4851a1d" />
    <TestList name="All Loaded Results" id="19431567-8539-422a-85d7-44ee4e166bda" />
  </TestLists>
  <ResultSummary outcome="Completed">
    <Counters total="2" executed="1" passed="1" failed="0" error="0" timeout="0" aborted="0" inconclusive="0" passedButRunAborted="0" notRunnable="0" notExecuted="0" disconnected="0" warning="0" completed="0" inProgress="0" pending="0" />
    <Output>
      <StdOut>NUnit Adapter 4.1.0.0: Test execution started&#xD;
Running all tests in C:\Users\venkatesh.b\source\repos\SpecFlowProjectDemo\bin\Debug\net6.0\SpecFlowProjectDemo.dll&#xD;
   NUnit3TestExecutor discovered 2 of 2 NUnit test cases using Current Discovery mode, Non-Explicit run&#xD;
Given the first number is 50&#xD;
-&gt; pending: CalculatorStepDefinitions.GivenTheFirstNumberIs(50)&#xD;
And the second number is 70&#xD;
-&gt; skipped because of previous errors&#xD;
When the two numbers are added&#xD;
-&gt; skipped because of previous errors&#xD;
Then the result should be 120&#xD;
-&gt; skipped because of previous errors&#xD;
&#xD;
AddTwoNumbers: One or more step definitions are not implemented yet.&#xD;
  CalculatorStepDefinitions.GivenTheFirstNumberIs(50)&#xD;
Given open the browser&#xD;
-&gt; done: Sample.GivenOpenTheBrowser() (9.1s)&#xD;
When Enter the URL&#xD;
-&gt; done: Sample.WhenEnterTheURL() (11.0s)&#xD;
Then Search for TestersTalk&#xD;
-&gt; done: Sample.ThenSearchForTestersTalk() (8.4s)&#xD;
&#xD;
NUnit Adapter 4.1.0.0: Test execution complete&#xD;
</StdOut>
    </Output>
  </ResultSummary>
</TestRun>